Using pre-set license
Built from '2020.3/release' branch; Version is '2020.3.12f1 (b3b2c6512326) revision 11776710'; Using compiler version '192528614'; Build Type 'Release'
OS: 'Windows 10 Pro; OS build 19042.1288; Version 2009; 64bit' Language: 'en' Physical Memory: 8148 MB
BatchMode: 1, IsHumanControllingUs: 0, StartBugReporterOnCrash: 0, Is64bit: 1, IsPro: 0

 COMMAND LINE ARGUMENTS:
D:\UnityEditors\2020.3.12f1\Editor\Unity.exe
-adb2
-batchMode
-noUpm
-name
AssetImportWorker1
-projectPath
E:/unity projects/Retyragain
-logFile
Logs/AssetImportWorker1.log
-srvPort
54832
Successfully changed project path to: E:/unity projects/Retyragain
E:/unity projects/Retyragain
Using Asset Import Pipeline V2.
Refreshing native plugins compatible for Editor in 183.61 ms, found 2 plugins.
Preloading 0 native plugins for Editor in 0.00 ms.
Initialize engine version: 2020.3.12f1 (b3b2c6512326)
[Subsystems] Discovering subsystems at path D:/UnityEditors/2020.3.12f1/Editor/Data/Resources/UnitySubsystems
[Subsystems] Discovering subsystems at path E:/unity projects/Retyragain/Assets
GfxDevice: creating device client; threaded=0
Direct3D:
    Version:  Direct3D 11.0 [level 11.1]
    Renderer: NVIDIA GeForce GTX 1050 Ti (ID=0x1c82)
    Vendor:   
    VRAM:     4018 MB
    Driver:   27.21.14.6647
Initialize mono
Mono path[0] = 'D:/UnityEditors/2020.3.12f1/Editor/Data/Managed'
Mono path[1] = 'D:/UnityEditors/2020.3.12f1/Editor/Data/MonoBleedingEdge/lib/mono/unityjit'
Mono config path = 'D:/UnityEditors/2020.3.12f1/Editor/Data/MonoBleedingEdge/etc'
Using monoOptions --debugger-agent=transport=dt_socket,embedding=1,server=y,suspend=n,address=127.0.0.1:56304
Begin MonoManager ReloadAssembly
Registering precompiled unity dll's ...
Register platform support module: D:/UnityEditors/2020.3.12f1/Editor/Data/PlaybackEngines/WebGLSupport/UnityEditor.WebGL.Extensions.dll
Register platform support module: D:/UnityEditors/2020.3.12f1/Editor/Data/PlaybackEngines/WindowsStandaloneSupport/UnityEditor.WindowsStandalone.Extensions.dll
Registered in 0.001524 seconds.
Native extension for WindowsStandalone target not found
Native extension for WebGL target not found
Refreshing native plugins compatible for Editor in 208.46 ms, found 2 plugins.
Preloading 0 native plugins for Editor in 0.00 ms.
Mono: successfully reloaded assembly
- Completed reload, in  1.870 seconds
Platform modules already initialized, skipping
Registering precompiled user dll's ...
Registered in 0.004630 seconds.
Begin MonoManager ReloadAssembly
Native extension for WindowsStandalone target not found
Native extension for WebGL target not found
Refreshing native plugins compatible for Editor in 2.43 ms, found 2 plugins.
Preloading 0 native plugins for Editor in 0.00 ms.
Mono: successfully reloaded assembly
- Completed reload, in  1.660 seconds
Platform modules already initialized, skipping
========================================================================
Worker process is ready to serve import requests
Launched and connected shader compiler UnityShaderCompiler.exe after 0.39 seconds
Refreshing native plugins compatible for Editor in 3.09 ms, found 2 plugins.
Preloading 0 native plugins for Editor in 0.00 ms.
Unloading 1465 Unused Serialized files (Serialized files now loaded: 0)
System memory in use before: 89.5 MB.
System memory in use after: 89.6 MB.

Unloading 18 unused Assets to reduce memory usage. Loaded Objects now: 1915.
Total: 4.392500 ms (FindLiveObjects: 0.144600 ms CreateObjectMapping: 0.046300 ms MarkObjects: 4.100300 ms  DeleteObjects: 0.100000 ms)

AssetImportParameters requested are different than current active one (requested -> active):
  custom:framework-win-MediaFoundation: 216162199b28c13a410421893ffa2e32 -> 
  custom:video-decoder-ogg-theora: a1e56fd34408186e4bbccfd4996cb3dc -> 
  custom:container-muxer-webm: aa71ff27fc2769a1b78a27578f13a17b -> 
  custom:container-demuxer-webm: 4f35f7cbe854078d1ac9338744f61a02 -> 
  custom:container-demuxer-ogg: 62fdf1f143b41e24485cea50d1cbac27 -> 
  custom:video-encoder-webm-vp8: eb34c28f22e8b96e1ab97ce403110664 -> 
  custom:video-decoder-webm-vp8: 9c59270c3fd7afecdb556c50c9e8de78 -> 
  custom:audio-decoder-ogg-vorbis: bf7c407c2cedff20999df2af8eb42d56 -> 
  custom:audio-encoder-webm-vorbis: bf7c407c2cedff20999df2af8eb42d56 -> 
========================================================================
Received Import Request.
  path: Assets/Scenes/map1scene.unitypackage
  artifactKey: Guid(4f0c3f03759a0f64781c1c4f09b08eaf) Importer(815301076,1909f56bfc062723c751e8b465ee728b)
Start importing Assets/Scenes/map1scene.unitypackage using Guid(4f0c3f03759a0f64781c1c4f09b08eaf) Importer(815301076,1909f56bfc062723c751e8b465ee728b)  -> (artifact id: '339f9d933e7d6a25c697a4c42d9ab25e') in 0.112189 seconds 
  Import took 0.115588 seconds .

========================================================================
Received Import Request.
  Time since last request: 0.001051 seconds.
  path: Assets/NewLayer.terrainlayer
  artifactKey: Guid(689aa8672a9112b4db4a1e9d753374b3) Importer(815301076,1909f56bfc062723c751e8b465ee728b)
Start importing Assets/NewLayer.terrainlayer using Guid(689aa8672a9112b4db4a1e9d753374b3) Importer(815301076,1909f56bfc062723c751e8b465ee728b)  -> (artifact id: '472f6055ee78d391ab8c862f6619cf96') in 0.262896 seconds 
  Import took 0.275176 seconds .

========================================================================
Received Import Request.
  Time since last request: 0.000214 seconds.
  path: Assets/NewLayer 1.terrainlayer
  artifactKey: Guid(553f915202a7f914a93935da258eda79) Importer(815301076,1909f56bfc062723c751e8b465ee728b)
Start importing Assets/NewLayer 1.terrainlayer using Guid(553f915202a7f914a93935da258eda79) Importer(815301076,1909f56bfc062723c751e8b465ee728b)  -> (artifact id: '7734081c70a146327e3091c77c78a9cd') in 0.059031 seconds 
  Import took 0.062184 seconds .

========================================================================
Received Import Request.
  Time since last request: 18.863215 seconds.
  path: Assets/Scenes/MAP2.unitypackage
  artifactKey: Guid(185a44ebd9c4da144879af8c272fda62) Importer(815301076,1909f56bfc062723c751e8b465ee728b)
Start importing Assets/Scenes/MAP2.unitypackage using Guid(185a44ebd9c4da144879af8c272fda62) Importer(815301076,1909f56bfc062723c751e8b465ee728b)  -> (artifact id: 'e2e44628efdbd9033fd33e6e002da913') in 0.010006 seconds 
  Import took 0.015201 seconds .

========================================================================
Received Import Request.
  Time since last request: 4.131628 seconds.
  path: Assets/Scenes/map.unitypackage
  artifactKey: Guid(ebb46f8d5acc06b4a9aef96ed71d8095) Importer(815301076,1909f56bfc062723c751e8b465ee728b)
Start importing Assets/Scenes/map.unitypackage using Guid(ebb46f8d5acc06b4a9aef96ed71d8095) Importer(815301076,1909f56bfc062723c751e8b465ee728b)  -> (artifact id: '32a5601663764f359cbdf64af37773ec') in 0.006954 seconds 
  Import took 0.015997 seconds .

========================================================================
Received Import Request.
  Time since last request: 1.913402 seconds.
  path: Assets/Scenes/map1.unity
  artifactKey: Guid(16732c317f6cc0c46bf2eff75b006e06) Importer(815301076,1909f56bfc062723c751e8b465ee728b)
Start importing Assets/Scenes/map1.unity using Guid(16732c317f6cc0c46bf2eff75b006e06) Importer(815301076,1909f56bfc062723c751e8b465ee728b)  -> (artifact id: '29a3767dae880aa53cf25c3bc42e84aa') in 0.007534 seconds 
  Import took 0.017967 seconds .

========================================================================
Received Import Request.
  Time since last request: 39.488134 seconds.
  path: Assets/Scenes/map2.unity
  artifactKey: Guid(bc9f47a612fbce94486a71f4d46ee246) Importer(815301076,1909f56bfc062723c751e8b465ee728b)
Start importing Assets/Scenes/map2.unity using Guid(bc9f47a612fbce94486a71f4d46ee246) Importer(815301076,1909f56bfc062723c751e8b465ee728b)  -> (artifact id: '2c460dbde8a8e8662504faa7d2cae63e') in 0.006438 seconds 
  Import took 0.023659 seconds .

========================================================================
Received Import Request.
  Time since last request: 181.641733 seconds.
  path: Assets/assets/Assets/new graveyard/2.fbx
  artifactKey: Guid(3df25d0a3feccc7439dcf687cb26df50) Importer(815301076,1909f56bfc062723c751e8b465ee728b)
Start importing Assets/assets/Assets/new graveyard/2.fbx using Guid(3df25d0a3feccc7439dcf687cb26df50) Importer(815301076,1909f56bfc062723c751e8b465ee728b)  -> (artifact id: 'f18f71eb81083d1e74251129d8a31d65') in 1.160988 seconds 
  Import took 1.172906 seconds .

========================================================================
Received Import Request.
  Time since last request: 0.001924 seconds.
  path: Assets/assets/Assets/new graveyard/circle.fbx
  artifactKey: Guid(f66dc442e2a05704f857ea25ff55e7c8) Importer(815301076,1909f56bfc062723c751e8b465ee728b)
Start importing Assets/assets/Assets/new graveyard/circle.fbx using Guid(f66dc442e2a05704f857ea25ff55e7c8) Importer(815301076,1909f56bfc062723c751e8b465ee728b)  -> (artifact id: '3b0aab5f5e133f9341494ca9d0c181f7') in 0.094567 seconds 
  Import took 0.103168 seconds .

========================================================================
Received Import Request.
  Time since last request: 0.001267 seconds.
  path: Assets/assets/Assets/new graveyard/star.fbx
  artifactKey: Guid(263565470bb47224e853ef6f1fc196a0) Importer(815301076,1909f56bfc062723c751e8b465ee728b)
Start importing Assets/assets/Assets/new graveyard/star.fbx using Guid(263565470bb47224e853ef6f1fc196a0) Importer(815301076,1909f56bfc062723c751e8b465ee728b)  -> (artifact id: 'd7e88d8cb832c7126dda1c33918bab52') in 0.217902 seconds 
  Import took 0.231859 seconds .

========================================================================
Received Import Request.
  Time since last request: 0.000197 seconds.
  path: Assets/assets/Assets/new graveyard/stone2.fbx
  artifactKey: Guid(d354c877d720b0a49a02c29cbb1d38a7) Importer(815301076,1909f56bfc062723c751e8b465ee728b)
Start importing Assets/assets/Assets/new graveyard/stone2.fbx using Guid(d354c877d720b0a49a02c29cbb1d38a7) Importer(815301076,1909f56bfc062723c751e8b465ee728b)  -> (artifact id: '17fd684ac74aeb5831192d8fcd555182') in 0.116815 seconds 
  Import took 0.123657 seconds .

========================================================================
Received Import Request.
  Time since last request: 0.000251 seconds.
  path: Assets/assets/Assets/new graveyard/stone2 1.fbx
  artifactKey: Guid(5814bed17e40cc74ca49537d5595d3f9) Importer(815301076,1909f56bfc062723c751e8b465ee728b)
Start importing Assets/assets/Assets/new graveyard/stone2 1.fbx using Guid(5814bed17e40cc74ca49537d5595d3f9) Importer(815301076,1909f56bfc062723c751e8b465ee728b)  -> (artifact id: '881660ac7b2f280f1bd2c238b5ffa721') in 0.083780 seconds 
  Import took 0.092388 seconds .

========================================================================
Received Import Request.
  Time since last request: 0.000209 seconds.
  path: Assets/assets/Assets/new graveyard/2.fbx
  artifactKey: Guid(3df25d0a3feccc7439dcf687cb26df50) Importer(815301076,1909f56bfc062723c751e8b465ee728b)
Start importing Assets/assets/Assets/new graveyard/2.fbx using Guid(3df25d0a3feccc7439dcf687cb26df50) Importer(815301076,1909f56bfc062723c751e8b465ee728b)  -> (artifact id: 'f18f71eb81083d1e74251129d8a31d65') in 0.150351 seconds 
  Import took 0.162284 seconds .

========================================================================
Received Import Request.
  Time since last request: 0.000231 seconds.
  path: Assets/assets/Assets/new graveyard/tower.fbx
  artifactKey: Guid(0af3a58ee4ee7a64482b58c961eac7bd) Importer(815301076,1909f56bfc062723c751e8b465ee728b)
Start importing Assets/assets/Assets/new graveyard/tower.fbx using Guid(0af3a58ee4ee7a64482b58c961eac7bd) Importer(815301076,1909f56bfc062723c751e8b465ee728b)  -> (artifact id: '12368efba13b620f2090bff0c005d38d') in 0.084590 seconds 
  Import took 0.095106 seconds .

========================================================================
Received Import Request.
  Time since last request: 0.000247 seconds.
  path: Assets/assets/Assets/new graveyard/tomb1.fbx
  artifactKey: Guid(ae15005d8cef0194294ef257bdbca1c3) Importer(815301076,1909f56bfc062723c751e8b465ee728b)
Start importing Assets/assets/Assets/new graveyard/tomb1.fbx using Guid(ae15005d8cef0194294ef257bdbca1c3) Importer(815301076,1909f56bfc062723c751e8b465ee728b)  -> (artifact id: '93c5d32889a8ac1cdba96f66a2f6c516') in 0.092625 seconds 
  Import took 0.105114 seconds .

========================================================================
Received Import Request.
  Time since last request: 0.000199 seconds.
  path: Assets/assets/Assets/new graveyard/5.fbx
  artifactKey: Guid(ea111ecc9f102a042b26d5bf581b552d) Importer(815301076,1909f56bfc062723c751e8b465ee728b)
Start importing Assets/assets/Assets/new graveyard/5.fbx using Guid(ea111ecc9f102a042b26d5bf581b552d) Importer(815301076,1909f56bfc062723c751e8b465ee728b)  -> (artifact id: 'd8bd6e7a94e4adc7c243b2347a54b181') in 0.172819 seconds 
  Import took 0.184893 seconds .

========================================================================
Received Import Request.
  Time since last request: 0.000241 seconds.
  path: Assets/assets/Assets/new graveyard/gate1.fbx
  artifactKey: Guid(8cf6a826612b68745b2ebe8893fdde6f) Importer(815301076,1909f56bfc062723c751e8b465ee728b)
Start importing Assets/assets/Assets/new graveyard/gate1.fbx using Guid(8cf6a826612b68745b2ebe8893fdde6f) Importer(815301076,1909f56bfc062723c751e8b465ee728b)  -> (artifact id: '5296abaaaf7cb954b6a23cf55f708969') in 0.126479 seconds 
  Import took 0.135071 seconds .

========================================================================
Received Import Request.
  Time since last request: 0.000284 seconds.
  path: Assets/assets/Assets/new graveyard/spada.fbx
  artifactKey: Guid(1fc10bac4ffe80848b16bb1078a7ffcb) Importer(815301076,1909f56bfc062723c751e8b465ee728b)
Start importing Assets/assets/Assets/new graveyard/spada.fbx using Guid(1fc10bac4ffe80848b16bb1078a7ffcb) Importer(815301076,1909f56bfc062723c751e8b465ee728b)  -> (artifact id: '662fb5631b1167a24d82874d120e9e55') in 0.089524 seconds 
  Import took 0.120446 seconds .

========================================================================
Received Import Request.
  Time since last request: 0.000215 seconds.
  path: Assets/assets/Assets/new graveyard/gate.fbx
  artifactKey: Guid(a667dfa585b459648bff7997d04f6393) Importer(815301076,1909f56bfc062723c751e8b465ee728b)
Start importing Assets/assets/Assets/new graveyard/gate.fbx using Guid(a667dfa585b459648bff7997d04f6393) Importer(815301076,1909f56bfc062723c751e8b465ee728b)  -> (artifact id: 'fef9e9ef7038b1b8877d506f311c178f') in 0.137208 seconds 
  Import took 0.148592 seconds .

========================================================================
Received Import Request.
  Time since last request: 0.000674 seconds.
  path: Assets/assets/Assets/new graveyard/new.fbx
  artifactKey: Guid(670ee6eec408f664598fb8ba0f5babcd) Importer(815301076,1909f56bfc062723c751e8b465ee728b)
Start importing Assets/assets/Assets/new graveyard/new.fbx using Guid(670ee6eec408f664598fb8ba0f5babcd) Importer(815301076,1909f56bfc062723c751e8b465ee728b)  -> (artifact id: 'fc7d832ef479811bdb04fc435accd3a4') in 0.255711 seconds 
  Import took 0.267496 seconds .

========================================================================
Received Import Request.
  Time since last request: 0.000211 seconds.
  path: Assets/assets/Assets/new graveyard/stone1.fbx
  artifactKey: Guid(516ff0f1bc34bf64583fbb3d445a77f3) Importer(815301076,1909f56bfc062723c751e8b465ee728b)
Start importing Assets/assets/Assets/new graveyard/stone1.fbx using Guid(516ff0f1bc34bf64583fbb3d445a77f3) Importer(815301076,1909f56bfc062723c751e8b465ee728b)  -> (artifact id: 'da9af92e5d05109bbfcdeb890672b37a') in 0.069361 seconds 
  Import took 0.080559 seconds .

========================================================================
Received Import Request.
  Time since last request: 0.000244 seconds.
  path: Assets/assets/Assets/new graveyard/devil.fbx
  artifactKey: Guid(5da0da154e258644497e3fbea30844be) Importer(815301076,1909f56bfc062723c751e8b465ee728b)
Start importing Assets/assets/Assets/new graveyard/devil.fbx using Guid(5da0da154e258644497e3fbea30844be) Importer(815301076,1909f56bfc062723c751e8b465ee728b)  -> (artifact id: 'd66fb50aa4db0228fa4e4a1d2714d22f') in 0.135590 seconds 
  Import took 0.147624 seconds .

========================================================================
Received Import Request.
  Time since last request: 0.000220 seconds.
  path: Assets/assets/Assets/new graveyard/cat.prefab
  artifactKey: Guid(4f8975c3f3affbd4bafee7811baa6b3a) Importer(815301076,1909f56bfc062723c751e8b465ee728b)
Start importing Assets/assets/Assets/new graveyard/cat.prefab using Guid(4f8975c3f3affbd4bafee7811baa6b3a) Importer(815301076,1909f56bfc062723c751e8b465ee728b)  -> (artifact id: '4ccde37dd4cf8375eb38c9ab60f0af74') in 0.110582 seconds 
  Import took 0.118773 seconds .

========================================================================
Received Import Request.
  Time since last request: 0.000711 seconds.
  path: Assets/assets/Assets/new graveyard/3.fbx
  artifactKey: Guid(1ad74f41dc3593e42a7448a30571bc24) Importer(815301076,1909f56bfc062723c751e8b465ee728b)
Start importing Assets/assets/Assets/new graveyard/3.fbx using Guid(1ad74f41dc3593e42a7448a30571bc24) Importer(815301076,1909f56bfc062723c751e8b465ee728b)  -> (artifact id: '18c16c71916c84974ab0514fefc3ede2') in 0.252810 seconds 
  Import took 0.260190 seconds .

========================================================================
Received Import Request.
  Time since last request: 0.002539 seconds.
  path: Assets/assets/Assets/new graveyard/new house.fbx
  artifactKey: Guid(1c9c7a6179bb7984888be698705ba11c) Importer(815301076,1909f56bfc062723c751e8b465ee728b)
Start importing Assets/assets/Assets/new graveyard/new house.fbx using Guid(1c9c7a6179bb7984888be698705ba11c) Importer(815301076,1909f56bfc062723c751e8b465ee728b)  -> (artifact id: '4461e08ec09b2935f3b9eb8b24447b63') in 0.525751 seconds 
  Import took 0.535910 seconds .

========================================================================
Received Import Request.
  Time since last request: 0.000201 seconds.
  path: Assets/assets/Assets/new graveyard/3.fbx
  artifactKey: Guid(1ad74f41dc3593e42a7448a30571bc24) Importer(815301076,1909f56bfc062723c751e8b465ee728b)
Start importing Assets/assets/Assets/new graveyard/3.fbx using Guid(1ad74f41dc3593e42a7448a30571bc24) Importer(815301076,1909f56bfc062723c751e8b465ee728b)  -> (artifact id: '18c16c71916c84974ab0514fefc3ede2') in 0.094061 seconds 
  Import took 0.100738 seconds .

========================================================================
Received Import Request.
  Time since last request: 0.000179 seconds.
  path: Assets/assets/Assets/new graveyard/tomb1 1.fbx
  artifactKey: Guid(4989ebb1604f4694ea8ae215b2e5eba8) Importer(815301076,1909f56bfc062723c751e8b465ee728b)
Start importing Assets/assets/Assets/new graveyard/tomb1 1.fbx using Guid(4989ebb1604f4694ea8ae215b2e5eba8) Importer(815301076,1909f56bfc062723c751e8b465ee728b)  -> (artifact id: '7b850653f6d8a7107e90ddd0cac720d9') in 0.036645 seconds 
  Import took 0.040912 seconds .

========================================================================
Received Import Request.
  Time since last request: 0.000320 seconds.
  path: Assets/assets/Assets/new graveyard/house.prefab
  artifactKey: Guid(573a7cc383bea6249a1a5d2a9b3604f7) Importer(815301076,1909f56bfc062723c751e8b465ee728b)
Start importing Assets/assets/Assets/new graveyard/house.prefab using Guid(573a7cc383bea6249a1a5d2a9b3604f7) Importer(815301076,1909f56bfc062723c751e8b465ee728b)  -> (artifact id: '429547173da14e607c64959d38423ff1') in 0.036325 seconds 
  Import took 0.040005 seconds .

========================================================================
Received Import Request.
  Time since last request: 0.000199 seconds.
  path: Assets/assets/Assets/new graveyard/gate 1.fbx
  artifactKey: Guid(b7f70e6df51b37d46ad435882c3cb59b) Importer(815301076,1909f56bfc062723c751e8b465ee728b)
Start importing Assets/assets/Assets/new graveyard/gate 1.fbx using Guid(b7f70e6df51b37d46ad435882c3cb59b) Importer(815301076,1909f56bfc062723c751e8b465ee728b)  -> (artifact id: 'd12a3d9b4bbad99e74b5cb704c496e6d') in 0.058628 seconds 
  Import took 0.061813 seconds .

========================================================================
Received Import Request.
  Time since last request: 43.245040 seconds.
  path: Assets/Prefab/MAp.prefab
  artifactKey: Guid(4b21f786e44d5664093181e23e423221) Importer(815301076,1909f56bfc062723c751e8b465ee728b)
Start importing Assets/Prefab/MAp.prefab using Guid(4b21f786e44d5664093181e23e423221) Importer(815301076,1909f56bfc062723c751e8b465ee728b)  -> (artifact id: '851ef0a822771a96e3332b82e1249e6f') in 0.320002 seconds 
  Import took 0.335308 seconds .

========================================================================
Received Import Request.
  Time since last request: 0.000222 seconds.
  path: Assets/Prefab/newMAP.prefab
  artifactKey: Guid(a24a8200351903b499b6c6b14fc7d8ec) Importer(815301076,1909f56bfc062723c751e8b465ee728b)
Start importing Assets/Prefab/newMAP.prefab using Guid(a24a8200351903b499b6c6b14fc7d8ec) Importer(815301076,1909f56bfc062723c751e8b465ee728b)  -> (artifact id: 'a227e1f3f65eb019bbfc0acc83017629') in 0.183120 seconds 
  Import took 0.198122 seconds .

========================================================================
Received Import Request.
  Time since last request: 8.713813 seconds.
  path: Assets/Prefab/Map 1.prefab
  artifactKey: Guid(04afb79378405c14fa6556064232f6fd) Importer(815301076,1909f56bfc062723c751e8b465ee728b)
Start importing Assets/Prefab/Map 1.prefab using Guid(04afb79378405c14fa6556064232f6fd) Importer(815301076,1909f56bfc062723c751e8b465ee728b)  -> (artifact id: 'c4d8c844c5999e156bd8e994af1845c8') in 0.193256 seconds 
  Import took 0.207190 seconds .

========================================================================
Received Prepare
Registering precompiled user dll's ...
Registered in 0.007580 seconds.
Begin MonoManager ReloadAssembly
Native extension for WindowsStandalone target not found
Native extension for WebGL target not found
Refreshing native plugins compatible for Editor in 1.92 ms, found 2 plugins.
Preloading 0 native plugins for Editor in 0.00 ms.
Mono: successfully reloaded assembly
- Completed reload, in  1.269 seconds
Platform modules already initialized, skipping
Refreshing native plugins compatible for Editor in 1.58 ms, found 2 plugins.
Preloading 0 native plugins for Editor in 0.00 ms.
Unloading 1446 Unused Serialized files (Serialized files now loaded: 0)
System memory in use before: 96.6 MB.
System memory in use after: 96.7 MB.

Unloading 14 unused Assets to reduce memory usage. Loaded Objects now: 1966.
Total: 2.546900 ms (FindLiveObjects: 0.177000 ms CreateObjectMapping: 0.061200 ms MarkObjects: 2.278600 ms  DeleteObjects: 0.027900 ms)

AssetImportParameters requested are different than current active one (requested -> active):
  custom:framework-win-MediaFoundation: 216162199b28c13a410421893ffa2e32 -> 
  custom:video-decoder-ogg-theora: a1e56fd34408186e4bbccfd4996cb3dc -> 
  custom:container-muxer-webm: aa71ff27fc2769a1b78a27578f13a17b -> 
  custom:container-demuxer-webm: 4f35f7cbe854078d1ac9338744f61a02 -> 
  custom:container-demuxer-ogg: 62fdf1f143b41e24485cea50d1cbac27 -> 
  custom:video-encoder-webm-vp8: eb34c28f22e8b96e1ab97ce403110664 -> 
  custom:video-decoder-webm-vp8: 9c59270c3fd7afecdb556c50c9e8de78 -> 
  custom:audio-decoder-ogg-vorbis: bf7c407c2cedff20999df2af8eb42d56 -> 
  custom:audio-encoder-webm-vorbis: bf7c407c2cedff20999df2af8eb42d56 -> 
========================================================================
Received Prepare
Registering precompiled user dll's ...
Registered in 0.004505 seconds.
Begin MonoManager ReloadAssembly
Native extension for WindowsStandalone target not found
Native extension for WebGL target not found
Refreshing native plugins compatible for Editor in 1.64 ms, found 2 plugins.
Preloading 0 native plugins for Editor in 0.00 ms.
Mono: successfully reloaded assembly
- Completed reload, in  1.079 seconds
Platform modules already initialized, skipping
Refreshing native plugins compatible for Editor in 1.67 ms, found 2 plugins.
Preloading 0 native plugins for Editor in 0.00 ms.
Unloading 1446 Unused Serialized files (Serialized files now loaded: 0)
System memory in use before: 96.6 MB.
System memory in use after: 96.8 MB.

Unloading 13 unused Assets to reduce memory usage. Loaded Objects now: 1969.
Total: 2.137300 ms (FindLiveObjects: 0.156000 ms CreateObjectMapping: 0.049600 ms MarkObjects: 1.911100 ms  DeleteObjects: 0.019300 ms)

AssetImportParameters requested are different than current active one (requested -> active):
  custom:framework-win-MediaFoundation: 216162199b28c13a410421893ffa2e32 -> 
  custom:video-decoder-ogg-theora: a1e56fd34408186e4bbccfd4996cb3dc -> 
  custom:container-muxer-webm: aa71ff27fc2769a1b78a27578f13a17b -> 
  custom:container-demuxer-webm: 4f35f7cbe854078d1ac9338744f61a02 -> 
  custom:container-demuxer-ogg: 62fdf1f143b41e24485cea50d1cbac27 -> 
  custom:video-encoder-webm-vp8: eb34c28f22e8b96e1ab97ce403110664 -> 
  custom:video-decoder-webm-vp8: 9c59270c3fd7afecdb556c50c9e8de78 -> 
  custom:audio-decoder-ogg-vorbis: bf7c407c2cedff20999df2af8eb42d56 -> 
  custom:audio-encoder-webm-vorbis: bf7c407c2cedff20999df2af8eb42d56 -> 
========================================================================
Received Prepare
Registering precompiled user dll's ...
Registered in 0.004963 seconds.
Begin MonoManager ReloadAssembly
Native extension for WindowsStandalone target not found
Native extension for WebGL target not found
Refreshing native plugins compatible for Editor in 1.81 ms, found 2 plugins.
Preloading 0 native plugins for Editor in 0.00 ms.
Mono: successfully reloaded assembly
- Completed reload, in  1.075 seconds
Platform modules already initialized, skipping
Refreshing native plugins compatible for Editor in 1.55 ms, found 2 plugins.
Preloading 0 native plugins for Editor in 0.00 ms.
Unloading 1446 Unused Serialized files (Serialized files now loaded: 0)
System memory in use before: 96.7 MB.
System memory in use after: 96.8 MB.

Unloading 13 unused Assets to reduce memory usage. Loaded Objects now: 1972.
Total: 1.898100 ms (FindLiveObjects: 0.161900 ms CreateObjectMapping: 0.054200 ms MarkObjects: 1.661300 ms  DeleteObjects: 0.019200 ms)

AssetImportParameters requested are different than current active one (requested -> active):
  custom:framework-win-MediaFoundation: 216162199b28c13a410421893ffa2e32 -> 
  custom:video-decoder-ogg-theora: a1e56fd34408186e4bbccfd4996cb3dc -> 
  custom:container-muxer-webm: aa71ff27fc2769a1b78a27578f13a17b -> 
  custom:container-demuxer-webm: 4f35f7cbe854078d1ac9338744f61a02 -> 
  custom:container-demuxer-ogg: 62fdf1f143b41e24485cea50d1cbac27 -> 
  custom:video-encoder-webm-vp8: eb34c28f22e8b96e1ab97ce403110664 -> 
  custom:video-decoder-webm-vp8: 9c59270c3fd7afecdb556c50c9e8de78 -> 
  custom:audio-decoder-ogg-vorbis: bf7c407c2cedff20999df2af8eb42d56 -> 
  custom:audio-encoder-webm-vorbis: bf7c407c2cedff20999df2af8eb42d56 -> 
========================================================================
Received Prepare
Registering precompiled user dll's ...
Registered in 0.005208 seconds.
Begin MonoManager ReloadAssembly
Native extension for WindowsStandalone target not found
Native extension for WebGL target not found
Refreshing native plugins compatible for Editor in 1.55 ms, found 2 plugins.
Preloading 0 native plugins for Editor in 0.00 ms.
Mono: successfully reloaded assembly
- Completed reload, in  1.069 seconds
Platform modules already initialized, skipping
Refreshing native plugins compatible for Editor in 1.58 ms, found 2 plugins.
Preloading 0 native plugins for Editor in 0.00 ms.
Unloading 1446 Unused Serialized files (Serialized files now loaded: 0)
System memory in use before: 96.7 MB.
System memory in use after: 96.8 MB.

Unloading 13 unused Assets to reduce memory usage. Loaded Objects now: 1975.
Total: 1.966300 ms (FindLiveObjects: 0.160200 ms CreateObjectMapping: 0.052100 ms MarkObjects: 1.733600 ms  DeleteObjects: 0.019100 ms)

AssetImportParameters requested are different than current active one (requested -> active):
  custom:framework-win-MediaFoundation: 216162199b28c13a410421893ffa2e32 -> 
  custom:video-decoder-ogg-theora: a1e56fd34408186e4bbccfd4996cb3dc -> 
  custom:container-muxer-webm: aa71ff27fc2769a1b78a27578f13a17b -> 
  custom:container-demuxer-webm: 4f35f7cbe854078d1ac9338744f61a02 -> 
  custom:container-demuxer-ogg: 62fdf1f143b41e24485cea50d1cbac27 -> 
  custom:video-encoder-webm-vp8: eb34c28f22e8b96e1ab97ce403110664 -> 
  custom:video-decoder-webm-vp8: 9c59270c3fd7afecdb556c50c9e8de78 -> 
  custom:audio-decoder-ogg-vorbis: bf7c407c2cedff20999df2af8eb42d56 -> 
  custom:audio-encoder-webm-vorbis: bf7c407c2cedff20999df2af8eb42d56 -> 
AssetImportWorkerClient::OnTransportError - code=2 error=End of file
