Using pre-set license
Built from '2020.3/release' branch; Version is '2020.3.12f1 (b3b2c6512326) revision 11776710'; Using compiler version '192528614'; Build Type 'Release'
OS: 'Windows 10 Pro; OS build 19044.1586; Version 2009; 64bit' Language: 'en' Physical Memory: 8150 MB
BatchMode: 1, IsHumanControllingUs: 0, StartBugReporterOnCrash: 0, Is64bit: 1, IsPro: 0

 COMMAND LINE ARGUMENTS:
D:\UnityEditors\2020.3.12f1\Editor\Unity.exe
-adb2
-batchMode
-noUpm
-name
AssetImportWorker0
-projectPath
E:/unity projects/Retyragain
-logFile
Logs/AssetImportWorker0.log
-srvPort
58113
Successfully changed project path to: E:/unity projects/Retyragain
E:/unity projects/Retyragain
Using Asset Import Pipeline V2.
Refreshing native plugins compatible for Editor in 173.52 ms, found 2 plugins.
Preloading 0 native plugins for Editor in 0.00 ms.
Initialize engine version: 2020.3.12f1 (b3b2c6512326)
[Subsystems] Discovering subsystems at path D:/UnityEditors/2020.3.12f1/Editor/Data/Resources/UnitySubsystems
[Subsystems] Discovering subsystems at path E:/unity projects/Retyragain/Assets
GfxDevice: creating device client; threaded=0
Direct3D:
    Version:  Direct3D 11.0 [level 11.1]
    Renderer: NVIDIA GeForce GTX 1050 Ti (ID=0x1c82)
    Vendor:   
    VRAM:     4018 MB
    Driver:   30.0.15.1215
Initialize mono
Mono path[0] = 'D:/UnityEditors/2020.3.12f1/Editor/Data/Managed'
Mono path[1] = 'D:/UnityEditors/2020.3.12f1/Editor/Data/MonoBleedingEdge/lib/mono/unityjit'
Mono config path = 'D:/UnityEditors/2020.3.12f1/Editor/Data/MonoBleedingEdge/etc'
Using monoOptions --debugger-agent=transport=dt_socket,embedding=1,server=y,suspend=n,address=127.0.0.1:56180
Begin MonoManager ReloadAssembly
Registering precompiled unity dll's ...
Register platform support module: D:/UnityEditors/2020.3.12f1/Editor/Data/PlaybackEngines/WebGLSupport/UnityEditor.WebGL.Extensions.dll
Register platform support module: D:/UnityEditors/2020.3.12f1/Editor/Data/PlaybackEngines/WindowsStandaloneSupport/UnityEditor.WindowsStandalone.Extensions.dll
Registered in 0.001235 seconds.
Native extension for WindowsStandalone target not found
Native extension for WebGL target not found
Refreshing native plugins compatible for Editor in 165.73 ms, found 2 plugins.
Preloading 0 native plugins for Editor in 0.00 ms.
Mono: successfully reloaded assembly
- Completed reload, in  1.876 seconds
Platform modules already initialized, skipping
Registering precompiled user dll's ...
Registered in 0.003971 seconds.
Begin MonoManager ReloadAssembly
Native extension for WindowsStandalone target not found
Native extension for WebGL target not found
Refreshing native plugins compatible for Editor in 1.63 ms, found 2 plugins.
Preloading 0 native plugins for Editor in 0.00 ms.
Mono: successfully reloaded assembly
- Completed reload, in  1.091 seconds
Platform modules already initialized, skipping
========================================================================
Worker process is ready to serve import requests
Launched and connected shader compiler UnityShaderCompiler.exe after 0.07 seconds
Refreshing native plugins compatible for Editor in 1.70 ms, found 2 plugins.
Preloading 0 native plugins for Editor in 0.00 ms.
Unloading 1486 Unused Serialized files (Serialized files now loaded: 0)
System memory in use before: 94.2 MB.
System memory in use after: 94.2 MB.

Unloading 18 unused Assets to reduce memory usage. Loaded Objects now: 1945.
Total: 1.881800 ms (FindLiveObjects: 0.157700 ms CreateObjectMapping: 0.058600 ms MarkObjects: 1.495300 ms  DeleteObjects: 0.169000 ms)

AssetImportParameters requested are different than current active one (requested -> active):
  custom:framework-win-MediaFoundation: 216162199b28c13a410421893ffa2e32 -> 
  custom:video-decoder-ogg-theora: a1e56fd34408186e4bbccfd4996cb3dc -> 
  custom:container-muxer-webm: aa71ff27fc2769a1b78a27578f13a17b -> 
  custom:container-demuxer-webm: 4f35f7cbe854078d1ac9338744f61a02 -> 
  custom:container-demuxer-ogg: 62fdf1f143b41e24485cea50d1cbac27 -> 
  custom:video-encoder-webm-vp8: eb34c28f22e8b96e1ab97ce403110664 -> 
  custom:video-decoder-webm-vp8: 9c59270c3fd7afecdb556c50c9e8de78 -> 
  custom:audio-decoder-ogg-vorbis: bf7c407c2cedff20999df2af8eb42d56 -> 
  custom:audio-encoder-webm-vorbis: bf7c407c2cedff20999df2af8eb42d56 -> 
========================================================================
Received Import Request.
  path: Assets/Khe Assets/Materials/St.Elmos Fire.mat
  artifactKey: Guid(b467e6d0bb5a3094bade6810849061e1) Importer(815301076,1909f56bfc062723c751e8b465ee728b)
Start importing Assets/Khe Assets/Materials/St.Elmos Fire.mat using Guid(b467e6d0bb5a3094bade6810849061e1) Importer(815301076,1909f56bfc062723c751e8b465ee728b)  -> (artifact id: 'e0e424cf1b7cb09f50a606f21808c285') in 0.149657 seconds 
  Import took 0.153374 seconds .

========================================================================
Received Import Request.
  Time since last request: 291.103060 seconds.
  path: Assets/Prefab/Mummy.prefab
  artifactKey: Guid(db7110004812c114a8cc73d44dc655b1) Importer(815301076,1909f56bfc062723c751e8b465ee728b)
Start importing Assets/Prefab/Mummy.prefab using Guid(db7110004812c114a8cc73d44dc655b1) Importer(815301076,1909f56bfc062723c751e8b465ee728b) Asset 'MummyController': Transition 'AnyState -> Idle' in state 'AnyState' doesn't have an Exit Time or any condition, transition will be ignored
UnityEngine.StackTraceUtility:ExtractStackTrace ()
UnityEditor.EditorUtility:Internal_InstantiateRemoveAllNonAnimationComponentsSingle (UnityEngine.Object,UnityEngine.Vector3,UnityEngine.Quaternion)
UnityEditor.EditorUtility:InstantiateRemoveAllNonAnimationComponents (UnityEngine.Object,UnityEngine.Vector3,UnityEngine.Quaternion)
UnityEditor.EditorUtility:InstantiateForAnimatorPreview (UnityEngine.Object)
UnityEditor.GameObjectInspector/PreviewData:UpdateGameObject (UnityEngine.Object)
UnityEditor.GameObjectInspector/PreviewData:.ctor (UnityEngine.Object)
UnityEditor.GameObjectInspector:GetPreviewData ()
UnityEditor.GameObjectInspector:RenderStaticPreview (string,UnityEngine.Object[],int,int)
UnityEditor.AssetPreviewUpdater:CreatePreviewForAsset (UnityEngine.Object,UnityEngine.Object[],string)

[C:\buildslave\unity\build\Editor/Src/Animation/StateMachine.cpp line 1847]

 -> (artifact id: '0e663a2b450dec1b5a1e878013ee7f02') in 0.136942 seconds 
  Import took 0.143484 seconds .

========================================================================
Received Import Request.
  Time since last request: 29.704393 seconds.
  path: Assets/Prefab/Mummy.prefab
  artifactKey: Guid(db7110004812c114a8cc73d44dc655b1) Importer(815301076,1909f56bfc062723c751e8b465ee728b)
Start importing Assets/Prefab/Mummy.prefab using Guid(db7110004812c114a8cc73d44dc655b1) Importer(815301076,1909f56bfc062723c751e8b465ee728b) Asset 'MummyController': Transition 'AnyState -> Idle' in state 'AnyState' doesn't have an Exit Time or any condition, transition will be ignored
UnityEngine.StackTraceUtility:ExtractStackTrace ()
UnityEditor.EditorUtility:Internal_InstantiateRemoveAllNonAnimationComponentsSingle (UnityEngine.Object,UnityEngine.Vector3,UnityEngine.Quaternion)
UnityEditor.EditorUtility:InstantiateRemoveAllNonAnimationComponents (UnityEngine.Object,UnityEngine.Vector3,UnityEngine.Quaternion)
UnityEditor.EditorUtility:InstantiateForAnimatorPreview (UnityEngine.Object)
UnityEditor.GameObjectInspector/PreviewData:UpdateGameObject (UnityEngine.Object)
UnityEditor.GameObjectInspector/PreviewData:.ctor (UnityEngine.Object)
UnityEditor.GameObjectInspector:GetPreviewData ()
UnityEditor.GameObjectInspector:RenderStaticPreview (string,UnityEngine.Object[],int,int)
UnityEditor.AssetPreviewUpdater:CreatePreviewForAsset (UnityEngine.Object,UnityEngine.Object[],string)

[C:\buildslave\unity\build\Editor/Src/Animation/StateMachine.cpp line 1847]

 -> (artifact id: '58111cf98f0e7f8d2d56955443e1d4f6') in 0.047451 seconds 
  Import took 0.053216 seconds .

========================================================================
Received Import Request.
  Time since last request: 12.115666 seconds.
  path: Assets/Prefab/Desert Skeleton.prefab
  artifactKey: Guid(9e4c7016300bde846b5db235681de28a) Importer(815301076,1909f56bfc062723c751e8b465ee728b)
Start importing Assets/Prefab/Desert Skeleton.prefab using Guid(9e4c7016300bde846b5db235681de28a) Importer(815301076,1909f56bfc062723c751e8b465ee728b) Asset 'Bandit Controller 1': Transition 'AnyState -> Idle' in state 'AnyState' doesn't have an Exit Time or any condition, transition will be ignored
UnityEngine.StackTraceUtility:ExtractStackTrace ()
UnityEditor.EditorUtility:Internal_InstantiateRemoveAllNonAnimationComponentsSingle (UnityEngine.Object,UnityEngine.Vector3,UnityEngine.Quaternion)
UnityEditor.EditorUtility:InstantiateRemoveAllNonAnimationComponents (UnityEngine.Object,UnityEngine.Vector3,UnityEngine.Quaternion)
UnityEditor.EditorUtility:InstantiateForAnimatorPreview (UnityEngine.Object)
UnityEditor.GameObjectInspector/PreviewData:UpdateGameObject (UnityEngine.Object)
UnityEditor.GameObjectInspector/PreviewData:.ctor (UnityEngine.Object)
UnityEditor.GameObjectInspector:GetPreviewData ()
UnityEditor.GameObjectInspector:RenderStaticPreview (string,UnityEngine.Object[],int,int)
UnityEditor.AssetPreviewUpdater:CreatePreviewForAsset (UnityEngine.Object,UnityEngine.Object[],string)

[C:\buildslave\unity\build\Editor/Src/Animation/StateMachine.cpp line 1847]

 -> (artifact id: 'fd6ee63a8143575339e0d6b133526471') in 0.088438 seconds 
  Import took 0.094263 seconds .

========================================================================
Received Import Request.
  Time since last request: 302.685842 seconds.
  path: Assets/Prefab/Desert Skeleton.prefab
  artifactKey: Guid(9e4c7016300bde846b5db235681de28a) Importer(815301076,1909f56bfc062723c751e8b465ee728b)
Start importing Assets/Prefab/Desert Skeleton.prefab using Guid(9e4c7016300bde846b5db235681de28a) Importer(815301076,1909f56bfc062723c751e8b465ee728b) Asset 'Bandit Controller 1': Transition 'AnyState -> Idle' in state 'AnyState' doesn't have an Exit Time or any condition, transition will be ignored
UnityEngine.StackTraceUtility:ExtractStackTrace ()
UnityEditor.EditorUtility:Internal_InstantiateRemoveAllNonAnimationComponentsSingle (UnityEngine.Object,UnityEngine.Vector3,UnityEngine.Quaternion)
UnityEditor.EditorUtility:InstantiateRemoveAllNonAnimationComponents (UnityEngine.Object,UnityEngine.Vector3,UnityEngine.Quaternion)
UnityEditor.EditorUtility:InstantiateForAnimatorPreview (UnityEngine.Object)
UnityEditor.GameObjectInspector/PreviewData:UpdateGameObject (UnityEngine.Object)
UnityEditor.GameObjectInspector/PreviewData:.ctor (UnityEngine.Object)
UnityEditor.GameObjectInspector:GetPreviewData ()
UnityEditor.GameObjectInspector:RenderStaticPreview (string,UnityEngine.Object[],int,int)
UnityEditor.AssetPreviewUpdater:CreatePreviewForAsset (UnityEngine.Object,UnityEngine.Object[],string)

[C:\buildslave\unity\build\Editor/Src/Animation/StateMachine.cpp line 1847]

 -> (artifact id: 'cc20b75e723f217967e6f3fd96e6846a') in 0.054544 seconds 
  Import took 0.061909 seconds .

========================================================================
Received Import Request.
  Time since last request: 129.598869 seconds.
  path: Assets/Scenes/Level 4 Warrior.unity
  artifactKey: Guid(f78e6ab5fa5f2e94dbba57cf874d4da7) Importer(815301076,1909f56bfc062723c751e8b465ee728b)
Start importing Assets/Scenes/Level 4 Warrior.unity using Guid(f78e6ab5fa5f2e94dbba57cf874d4da7) Importer(815301076,1909f56bfc062723c751e8b465ee728b)  -> (artifact id: 'fd570376b9e78ef3371dfaac95502dc9') in 0.013222 seconds 
  Import took 0.017500 seconds .

========================================================================
Received Import Request.
  Time since last request: 0.934408 seconds.
  path: Assets/Scenes/Level 4 Warrior 1.unity
  artifactKey: Guid(3b2eca8e7cb78714994e2930194b5a3f) Importer(815301076,1909f56bfc062723c751e8b465ee728b)
Start importing Assets/Scenes/Level 4 Warrior 1.unity using Guid(3b2eca8e7cb78714994e2930194b5a3f) Importer(815301076,1909f56bfc062723c751e8b465ee728b)  -> (artifact id: '69f3e846e9863680f7c532c6f33ecc0c') in 0.013224 seconds 
  Import took 0.017849 seconds .

========================================================================
Received Import Request.
  Time since last request: 0.001021 seconds.
  path: Assets/Scenes/Level 4 Warrior 1.unity
  artifactKey: Guid(3b2eca8e7cb78714994e2930194b5a3f) Importer(815301076,1909f56bfc062723c751e8b465ee728b)
Start importing Assets/Scenes/Level 4 Warrior 1.unity using Guid(3b2eca8e7cb78714994e2930194b5a3f) Importer(815301076,1909f56bfc062723c751e8b465ee728b)  -> (artifact id: '69f3e846e9863680f7c532c6f33ecc0c') in 0.007182 seconds 
  Import took 0.011148 seconds .

========================================================================
Received Import Request.
  Time since last request: 9.837667 seconds.
  path: Assets/Scenes/Level 4 Mage.unity
  artifactKey: Guid(3b2eca8e7cb78714994e2930194b5a3f) Importer(815301076,1909f56bfc062723c751e8b465ee728b)
Start importing Assets/Scenes/Level 4 Mage.unity using Guid(3b2eca8e7cb78714994e2930194b5a3f) Importer(815301076,1909f56bfc062723c751e8b465ee728b)  -> (artifact id: 'ef41efa74f1546423cdb0b3b82db4a67') in 0.010599 seconds 
  Import took 0.015991 seconds .

AssetImportWorkerClient::OnTransportError - code=2 error=End of file
