Using pre-set license
Built from '2020.3/release' branch; Version is '2020.3.12f1 (b3b2c6512326) revision 11776710'; Using compiler version '192528614'; Build Type 'Release'
OS: 'Windows 10 Pro; OS build 19042.1415; Version 2009; 64bit' Language: 'en' Physical Memory: 8150 MB
BatchMode: 1, IsHumanControllingUs: 0, StartBugReporterOnCrash: 0, Is64bit: 1, IsPro: 0

 COMMAND LINE ARGUMENTS:
D:\UnityEditors\2020.3.12f1\Editor\Unity.exe
-adb2
-batchMode
-noUpm
-name
AssetImportWorker1
-projectPath
E:/unity projects/Retyragain
-logFile
Logs/AssetImportWorker1.log
-srvPort
60534
Successfully changed project path to: E:/unity projects/Retyragain
E:/unity projects/Retyragain
Using Asset Import Pipeline V2.
Refreshing native plugins compatible for Editor in 157.94 ms, found 2 plugins.
Preloading 0 native plugins for Editor in 0.00 ms.
Initialize engine version: 2020.3.12f1 (b3b2c6512326)
[Subsystems] Discovering subsystems at path D:/UnityEditors/2020.3.12f1/Editor/Data/Resources/UnitySubsystems
[Subsystems] Discovering subsystems at path E:/unity projects/Retyragain/Assets
GfxDevice: creating device client; threaded=0
Direct3D:
    Version:  Direct3D 11.0 [level 11.1]
    Renderer: NVIDIA GeForce GTX 1050 Ti (ID=0x1c82)
    Vendor:   
    VRAM:     4018 MB
    Driver:   30.0.15.1123
Initialize mono
Mono path[0] = 'D:/UnityEditors/2020.3.12f1/Editor/Data/Managed'
Mono path[1] = 'D:/UnityEditors/2020.3.12f1/Editor/Data/MonoBleedingEdge/lib/mono/unityjit'
Mono config path = 'D:/UnityEditors/2020.3.12f1/Editor/Data/MonoBleedingEdge/etc'
Using monoOptions --debugger-agent=transport=dt_socket,embedding=1,server=y,suspend=n,address=127.0.0.1:56936
Begin MonoManager ReloadAssembly
Registering precompiled unity dll's ...
Register platform support module: D:/UnityEditors/2020.3.12f1/Editor/Data/PlaybackEngines/WebGLSupport/UnityEditor.WebGL.Extensions.dll
Register platform support module: D:/UnityEditors/2020.3.12f1/Editor/Data/PlaybackEngines/WindowsStandaloneSupport/UnityEditor.WindowsStandalone.Extensions.dll
Registered in 0.001917 seconds.
Native extension for WindowsStandalone target not found
Native extension for WebGL target not found
Refreshing native plugins compatible for Editor in 148.10 ms, found 2 plugins.
Preloading 0 native plugins for Editor in 0.00 ms.
Mono: successfully reloaded assembly
- Completed reload, in  1.891 seconds
Platform modules already initialized, skipping
Registering precompiled user dll's ...
Registered in 0.003940 seconds.
Begin MonoManager ReloadAssembly
Native extension for WindowsStandalone target not found
Native extension for WebGL target not found
Refreshing native plugins compatible for Editor in 2.32 ms, found 2 plugins.
Preloading 0 native plugins for Editor in 0.00 ms.
Mono: successfully reloaded assembly
- Completed reload, in  3.357 seconds
Platform modules already initialized, skipping
========================================================================
Worker process is ready to serve import requests
Launched and connected shader compiler UnityShaderCompiler.exe after 0.17 seconds
Refreshing native plugins compatible for Editor in 1.52 ms, found 2 plugins.
Preloading 0 native plugins for Editor in 0.00 ms.
Unloading 1478 Unused Serialized files (Serialized files now loaded: 0)
System memory in use before: 91.8 MB.
System memory in use after: 91.8 MB.

Unloading 18 unused Assets to reduce memory usage. Loaded Objects now: 1933.
Total: 2.131800 ms (FindLiveObjects: 0.151800 ms CreateObjectMapping: 0.055600 ms MarkObjects: 1.791700 ms  DeleteObjects: 0.131600 ms)

AssetImportParameters requested are different than current active one (requested -> active):
  custom:framework-win-MediaFoundation: 216162199b28c13a410421893ffa2e32 -> 
  custom:video-decoder-ogg-theora: a1e56fd34408186e4bbccfd4996cb3dc -> 
  custom:container-muxer-webm: aa71ff27fc2769a1b78a27578f13a17b -> 
  custom:container-demuxer-webm: 4f35f7cbe854078d1ac9338744f61a02 -> 
  custom:container-demuxer-ogg: 62fdf1f143b41e24485cea50d1cbac27 -> 
  custom:video-encoder-webm-vp8: eb34c28f22e8b96e1ab97ce403110664 -> 
  custom:video-decoder-webm-vp8: 9c59270c3fd7afecdb556c50c9e8de78 -> 
  custom:audio-decoder-ogg-vorbis: bf7c407c2cedff20999df2af8eb42d56 -> 
  custom:audio-encoder-webm-vorbis: bf7c407c2cedff20999df2af8eb42d56 -> 
========================================================================
Received Import Request.
  path: Assets/Scenes/map2.unity
  artifactKey: Guid(bc9f47a612fbce94486a71f4d46ee246) Importer(815301076,1909f56bfc062723c751e8b465ee728b)
Start importing Assets/Scenes/map2.unity using Guid(bc9f47a612fbce94486a71f4d46ee246) Importer(815301076,1909f56bfc062723c751e8b465ee728b)  -> (artifact id: 'd6a0c9591f7a587d5077a1e813d37576') in 0.025246 seconds 
  Import took 0.047184 seconds .

========================================================================
Received Import Request.
  Time since last request: 285.704073 seconds.
  path: Assets/New Terrain.asset
  artifactKey: Guid(a12bd4cb4feaf774ea198e7ed50c4b23) Importer(815301076,1909f56bfc062723c751e8b465ee728b)
Start importing Assets/New Terrain.asset using Guid(a12bd4cb4feaf774ea198e7ed50c4b23) Importer(815301076,1909f56bfc062723c751e8b465ee728b)  -> (artifact id: '9b09d68d16013dd5294084b7da40a5d0') in 0.160392 seconds 
  Import took 0.189917 seconds .

========================================================================
Received Import Request.
  Time since last request: 0.000357 seconds.
  path: Assets/TerrainData_86d02eb4-0841-45de-99d9-4be7dddfa1d7.asset
  artifactKey: Guid(0e1673f51b8cd5b4fa346e505fab45c1) Importer(815301076,1909f56bfc062723c751e8b465ee728b)
Start importing Assets/TerrainData_86d02eb4-0841-45de-99d9-4be7dddfa1d7.asset using Guid(0e1673f51b8cd5b4fa346e505fab45c1) Importer(815301076,1909f56bfc062723c751e8b465ee728b)  -> (artifact id: '8d050c5e421e0ef6e5c4516e3feb55d3') in 0.014979 seconds 
  Import took 0.062148 seconds .

========================================================================
Received Import Request.
  Time since last request: 0.000260 seconds.
  path: Assets/TerrainData_364d5afc-de2b-497a-b17a-4097d3b6001e.asset
  artifactKey: Guid(8ec93cf1e4be536449009c4d390313fb) Importer(815301076,1909f56bfc062723c751e8b465ee728b)
Start importing Assets/TerrainData_364d5afc-de2b-497a-b17a-4097d3b6001e.asset using Guid(8ec93cf1e4be536449009c4d390313fb) Importer(815301076,1909f56bfc062723c751e8b465ee728b)  -> (artifact id: '72998d93c812ec999bb3efe77d282803') in 0.014943 seconds 
  Import took 0.040278 seconds .

========================================================================
Received Import Request.
  Time since last request: 0.000266 seconds.
  path: Assets/TerrainData_8caba848-11cd-450f-987c-8c8a4a2ccf97.asset
  artifactKey: Guid(a4fead2fc8d48d84c9e61e7a8917e469) Importer(815301076,1909f56bfc062723c751e8b465ee728b)
Start importing Assets/TerrainData_8caba848-11cd-450f-987c-8c8a4a2ccf97.asset using Guid(a4fead2fc8d48d84c9e61e7a8917e469) Importer(815301076,1909f56bfc062723c751e8b465ee728b)  -> (artifact id: '2ec47de9e82267f1d0ea3810efb1627f') in 0.014222 seconds 
  Import took 0.078825 seconds .

========================================================================
Received Import Request.
  Time since last request: 0.000275 seconds.
  path: Assets/TerrainData_169d23d2-9a49-484b-81d2-fd567e854865.asset
  artifactKey: Guid(ea3d4700135d2494b8ea8379e6302263) Importer(815301076,1909f56bfc062723c751e8b465ee728b)
Start importing Assets/TerrainData_169d23d2-9a49-484b-81d2-fd567e854865.asset using Guid(ea3d4700135d2494b8ea8379e6302263) Importer(815301076,1909f56bfc062723c751e8b465ee728b)  -> (artifact id: '580174cfe4bb5b80c18bb8f8bb2c8730') in 0.013192 seconds 
  Import took 0.042413 seconds .

========================================================================
Received Import Request.
  Time since last request: 1.062949 seconds.
  path: Assets/TerrainData_cf81f105-bd19-4e06-88a9-df321a87fed2.asset
  artifactKey: Guid(c27f1cb7b86c34a4c8f6611e5b5c35d4) Importer(815301076,1909f56bfc062723c751e8b465ee728b)
Start importing Assets/TerrainData_cf81f105-bd19-4e06-88a9-df321a87fed2.asset using Guid(c27f1cb7b86c34a4c8f6611e5b5c35d4) Importer(815301076,1909f56bfc062723c751e8b465ee728b)  -> (artifact id: 'd377d844023798684be0eea276061ecb') in 0.011735 seconds 
  Import took 0.051233 seconds .

========================================================================
Received Import Request.
  Time since last request: 12.028181 seconds.
  path: Assets/Prefab/map2.prefab
  artifactKey: Guid(0f58493e7dbe62a4c9f801910cf1a393) Importer(815301076,1909f56bfc062723c751e8b465ee728b)
Start importing Assets/Prefab/map2.prefab using Guid(0f58493e7dbe62a4c9f801910cf1a393) Importer(815301076,1909f56bfc062723c751e8b465ee728b)  -> (artifact id: 'b583980d2da2120d425906691981f3ca') in 0.769552 seconds 
  Import took 0.831918 seconds .

========================================================================
Received Import Request.
  Time since last request: 22.787432 seconds.
  path: Assets/Scenes/Testing Json.unity
  artifactKey: Guid(55b08a4db3f93ee4897b8be850eccbc2) Importer(815301076,1909f56bfc062723c751e8b465ee728b)
Start importing Assets/Scenes/Testing Json.unity using Guid(55b08a4db3f93ee4897b8be850eccbc2) Importer(815301076,1909f56bfc062723c751e8b465ee728b)  -> (artifact id: 'c974b2b6fa0353a90f70d62b8d180d43') in 0.010155 seconds 
  Import took 0.031881 seconds .

========================================================================
Received Import Request.
  Time since last request: 23.055887 seconds.
  path: Assets/Scenes/Testing Json 1.unity
  artifactKey: Guid(3bf96fd8235992745acd0efc266a6b79) Importer(815301076,1909f56bfc062723c751e8b465ee728b)
Start importing Assets/Scenes/Testing Json 1.unity using Guid(3bf96fd8235992745acd0efc266a6b79) Importer(815301076,1909f56bfc062723c751e8b465ee728b)  -> (artifact id: '6936dcd6be70e839cf79b51d642ecea1') in 0.008971 seconds 
  Import took 0.021492 seconds .

========================================================================
Received Import Request.
  Time since last request: 7.357936 seconds.
  path: Assets/Scenes/Level 2.unity
  artifactKey: Guid(3bf96fd8235992745acd0efc266a6b79) Importer(815301076,1909f56bfc062723c751e8b465ee728b)
Start importing Assets/Scenes/Level 2.unity using Guid(3bf96fd8235992745acd0efc266a6b79) Importer(815301076,1909f56bfc062723c751e8b465ee728b)  -> (artifact id: 'c55a37d206149582eb53301c062b4932') in 0.007052 seconds 
  Import took 0.016769 seconds .

========================================================================
Received Import Request.
  Time since last request: 16.835695 seconds.
  path: Assets/Scenes/Level 1.unity
  artifactKey: Guid(55b08a4db3f93ee4897b8be850eccbc2) Importer(815301076,1909f56bfc062723c751e8b465ee728b)
Start importing Assets/Scenes/Level 1.unity using Guid(55b08a4db3f93ee4897b8be850eccbc2) Importer(815301076,1909f56bfc062723c751e8b465ee728b)  -> (artifact id: '4f83cdf2d2dccaff2157d85063133cc6') in 0.006927 seconds 
  Import took 0.058066 seconds .

========================================================================
Received Import Request.
  Time since last request: 13.079511 seconds.
  path: Assets/Scenes/Level 1 Warrior.unity
  artifactKey: Guid(55b08a4db3f93ee4897b8be850eccbc2) Importer(815301076,1909f56bfc062723c751e8b465ee728b)
Start importing Assets/Scenes/Level 1 Warrior.unity using Guid(55b08a4db3f93ee4897b8be850eccbc2) Importer(815301076,1909f56bfc062723c751e8b465ee728b)  -> (artifact id: 'c2dfa49fb3e76b5b28874fc28a12a045') in 0.008096 seconds 
  Import took 0.018562 seconds .

========================================================================
Received Import Request.
  Time since last request: 8.358913 seconds.
  path: Assets/Scenes/Level 2 Warrior.unity
  artifactKey: Guid(3bf96fd8235992745acd0efc266a6b79) Importer(815301076,1909f56bfc062723c751e8b465ee728b)
Start importing Assets/Scenes/Level 2 Warrior.unity using Guid(3bf96fd8235992745acd0efc266a6b79) Importer(815301076,1909f56bfc062723c751e8b465ee728b)  -> (artifact id: 'b8c83302c8b7d70687a41ea760f585b9') in 0.006931 seconds 
  Import took 0.022586 seconds .

========================================================================
Received Prepare
Registering precompiled user dll's ...
Registered in 0.003753 seconds.
Begin MonoManager ReloadAssembly
Native extension for WindowsStandalone target not found
Native extension for WebGL target not found
Refreshing native plugins compatible for Editor in 1.53 ms, found 2 plugins.
Preloading 0 native plugins for Editor in 0.00 ms.
Mono: successfully reloaded assembly
- Completed reload, in  0.905 seconds
Platform modules already initialized, skipping
Refreshing native plugins compatible for Editor in 1.66 ms, found 2 plugins.
Preloading 0 native plugins for Editor in 0.00 ms.
Unloading 1459 Unused Serialized files (Serialized files now loaded: 0)
System memory in use before: 100.9 MB.
System memory in use after: 101.0 MB.

Unloading 14 unused Assets to reduce memory usage. Loaded Objects now: 1943.
Total: 2.288700 ms (FindLiveObjects: 0.140900 ms CreateObjectMapping: 0.051200 ms MarkObjects: 2.035400 ms  DeleteObjects: 0.060100 ms)

AssetImportParameters requested are different than current active one (requested -> active):
  custom:framework-win-MediaFoundation: 216162199b28c13a410421893ffa2e32 -> 
  custom:video-decoder-ogg-theora: a1e56fd34408186e4bbccfd4996cb3dc -> 
  custom:container-muxer-webm: aa71ff27fc2769a1b78a27578f13a17b -> 
  custom:container-demuxer-webm: 4f35f7cbe854078d1ac9338744f61a02 -> 
  custom:container-demuxer-ogg: 62fdf1f143b41e24485cea50d1cbac27 -> 
  custom:video-encoder-webm-vp8: eb34c28f22e8b96e1ab97ce403110664 -> 
  custom:video-decoder-webm-vp8: 9c59270c3fd7afecdb556c50c9e8de78 -> 
  custom:audio-decoder-ogg-vorbis: bf7c407c2cedff20999df2af8eb42d56 -> 
  custom:audio-encoder-webm-vorbis: bf7c407c2cedff20999df2af8eb42d56 -> 
========================================================================
Received Prepare
Registering precompiled user dll's ...
Registered in 0.004035 seconds.
Begin MonoManager ReloadAssembly
Native extension for WindowsStandalone target not found
Native extension for WebGL target not found
Refreshing native plugins compatible for Editor in 1.52 ms, found 2 plugins.
Preloading 0 native plugins for Editor in 0.00 ms.
Mono: successfully reloaded assembly
- Completed reload, in  0.840 seconds
Platform modules already initialized, skipping
Refreshing native plugins compatible for Editor in 1.61 ms, found 2 plugins.
Preloading 0 native plugins for Editor in 0.00 ms.
Unloading 1459 Unused Serialized files (Serialized files now loaded: 0)
System memory in use before: 101.0 MB.
System memory in use after: 101.1 MB.

Unloading 13 unused Assets to reduce memory usage. Loaded Objects now: 1946.
Total: 1.856600 ms (FindLiveObjects: 0.132000 ms CreateObjectMapping: 0.048200 ms MarkObjects: 1.646700 ms  DeleteObjects: 0.028900 ms)

AssetImportParameters requested are different than current active one (requested -> active):
  custom:framework-win-MediaFoundation: 216162199b28c13a410421893ffa2e32 -> 
  custom:video-decoder-ogg-theora: a1e56fd34408186e4bbccfd4996cb3dc -> 
  custom:container-muxer-webm: aa71ff27fc2769a1b78a27578f13a17b -> 
  custom:container-demuxer-webm: 4f35f7cbe854078d1ac9338744f61a02 -> 
  custom:container-demuxer-ogg: 62fdf1f143b41e24485cea50d1cbac27 -> 
  custom:video-encoder-webm-vp8: eb34c28f22e8b96e1ab97ce403110664 -> 
  custom:video-decoder-webm-vp8: 9c59270c3fd7afecdb556c50c9e8de78 -> 
  custom:audio-decoder-ogg-vorbis: bf7c407c2cedff20999df2af8eb42d56 -> 
  custom:audio-encoder-webm-vorbis: bf7c407c2cedff20999df2af8eb42d56 -> 
========================================================================
Received Import Request.
  Time since last request: 899.429421 seconds.
  path: Assets/Prefab/map2.prefab
  artifactKey: Guid(0f58493e7dbe62a4c9f801910cf1a393) Importer(815301076,1909f56bfc062723c751e8b465ee728b)
Start importing Assets/Prefab/map2.prefab using Guid(0f58493e7dbe62a4c9f801910cf1a393) Importer(815301076,1909f56bfc062723c751e8b465ee728b)  -> (artifact id: '5ed1f541fb9296353f02e6547e1487bb') in 0.447283 seconds 
  Import took 0.507984 seconds .

========================================================================
Received Prepare
Registering precompiled user dll's ...
Registered in 0.003910 seconds.
Begin MonoManager ReloadAssembly
Native extension for WindowsStandalone target not found
Native extension for WebGL target not found
Refreshing native plugins compatible for Editor in 1.64 ms, found 2 plugins.
Preloading 0 native plugins for Editor in 0.00 ms.
Mono: successfully reloaded assembly
- Completed reload, in  0.905 seconds
Platform modules already initialized, skipping
Refreshing native plugins compatible for Editor in 1.51 ms, found 2 plugins.
Preloading 0 native plugins for Editor in 0.00 ms.
Unloading 1459 Unused Serialized files (Serialized files now loaded: 0)
System memory in use before: 101.5 MB.
System memory in use after: 101.6 MB.

Unloading 14 unused Assets to reduce memory usage. Loaded Objects now: 1950.
Total: 1.793400 ms (FindLiveObjects: 0.133700 ms CreateObjectMapping: 0.049500 ms MarkObjects: 1.589700 ms  DeleteObjects: 0.019800 ms)

AssetImportParameters requested are different than current active one (requested -> active):
  custom:framework-win-MediaFoundation: 216162199b28c13a410421893ffa2e32 -> 
  custom:video-decoder-ogg-theora: a1e56fd34408186e4bbccfd4996cb3dc -> 
  custom:container-muxer-webm: aa71ff27fc2769a1b78a27578f13a17b -> 
  custom:container-demuxer-webm: 4f35f7cbe854078d1ac9338744f61a02 -> 
  custom:container-demuxer-ogg: 62fdf1f143b41e24485cea50d1cbac27 -> 
  custom:video-encoder-webm-vp8: eb34c28f22e8b96e1ab97ce403110664 -> 
  custom:video-decoder-webm-vp8: 9c59270c3fd7afecdb556c50c9e8de78 -> 
  custom:audio-decoder-ogg-vorbis: bf7c407c2cedff20999df2af8eb42d56 -> 
  custom:audio-encoder-webm-vorbis: bf7c407c2cedff20999df2af8eb42d56 -> 
========================================================================
Received Prepare
Registering precompiled user dll's ...
Registered in 0.004090 seconds.
Begin MonoManager ReloadAssembly
Native extension for WindowsStandalone target not found
Native extension for WebGL target not found
Refreshing native plugins compatible for Editor in 1.53 ms, found 2 plugins.
Preloading 0 native plugins for Editor in 0.00 ms.
Mono: successfully reloaded assembly
- Completed reload, in  0.884 seconds
Platform modules already initialized, skipping
Refreshing native plugins compatible for Editor in 1.69 ms, found 2 plugins.
Preloading 0 native plugins for Editor in 0.00 ms.
Unloading 1459 Unused Serialized files (Serialized files now loaded: 0)
System memory in use before: 101.5 MB.
System memory in use after: 101.6 MB.

Unloading 13 unused Assets to reduce memory usage. Loaded Objects now: 1953.
Total: 1.768000 ms (FindLiveObjects: 0.154100 ms CreateObjectMapping: 0.053000 ms MarkObjects: 1.542100 ms  DeleteObjects: 0.017800 ms)

AssetImportParameters requested are different than current active one (requested -> active):
  custom:framework-win-MediaFoundation: 216162199b28c13a410421893ffa2e32 -> 
  custom:video-decoder-ogg-theora: a1e56fd34408186e4bbccfd4996cb3dc -> 
  custom:container-muxer-webm: aa71ff27fc2769a1b78a27578f13a17b -> 
  custom:container-demuxer-webm: 4f35f7cbe854078d1ac9338744f61a02 -> 
  custom:container-demuxer-ogg: 62fdf1f143b41e24485cea50d1cbac27 -> 
  custom:video-encoder-webm-vp8: eb34c28f22e8b96e1ab97ce403110664 -> 
  custom:video-decoder-webm-vp8: 9c59270c3fd7afecdb556c50c9e8de78 -> 
  custom:audio-decoder-ogg-vorbis: bf7c407c2cedff20999df2af8eb42d56 -> 
  custom:audio-encoder-webm-vorbis: bf7c407c2cedff20999df2af8eb42d56 -> 
========================================================================
Received Prepare
Registering precompiled user dll's ...
Registered in 0.004079 seconds.
Begin MonoManager ReloadAssembly
Native extension for WindowsStandalone target not found
Native extension for WebGL target not found
Refreshing native plugins compatible for Editor in 1.57 ms, found 2 plugins.
Preloading 0 native plugins for Editor in 0.00 ms.
Mono: successfully reloaded assembly
- Completed reload, in  0.844 seconds
Platform modules already initialized, skipping
Refreshing native plugins compatible for Editor in 1.50 ms, found 2 plugins.
Preloading 0 native plugins for Editor in 0.00 ms.
Unloading 1459 Unused Serialized files (Serialized files now loaded: 0)
System memory in use before: 101.5 MB.
System memory in use after: 101.6 MB.

Unloading 13 unused Assets to reduce memory usage. Loaded Objects now: 1956.
Total: 1.806500 ms (FindLiveObjects: 0.144700 ms CreateObjectMapping: 0.048100 ms MarkObjects: 1.573600 ms  DeleteObjects: 0.039200 ms)

AssetImportParameters requested are different than current active one (requested -> active):
  custom:framework-win-MediaFoundation: 216162199b28c13a410421893ffa2e32 -> 
  custom:video-decoder-ogg-theora: a1e56fd34408186e4bbccfd4996cb3dc -> 
  custom:container-muxer-webm: aa71ff27fc2769a1b78a27578f13a17b -> 
  custom:container-demuxer-webm: 4f35f7cbe854078d1ac9338744f61a02 -> 
  custom:container-demuxer-ogg: 62fdf1f143b41e24485cea50d1cbac27 -> 
  custom:video-encoder-webm-vp8: eb34c28f22e8b96e1ab97ce403110664 -> 
  custom:video-decoder-webm-vp8: 9c59270c3fd7afecdb556c50c9e8de78 -> 
  custom:audio-decoder-ogg-vorbis: bf7c407c2cedff20999df2af8eb42d56 -> 
  custom:audio-encoder-webm-vorbis: bf7c407c2cedff20999df2af8eb42d56 -> 
========================================================================
Received Import Request.
  Time since last request: 672.261059 seconds.
  path: Assets/Prefab/map2.prefab
  artifactKey: Guid(0f58493e7dbe62a4c9f801910cf1a393) Importer(815301076,1909f56bfc062723c751e8b465ee728b)
Start importing Assets/Prefab/map2.prefab using Guid(0f58493e7dbe62a4c9f801910cf1a393) Importer(815301076,1909f56bfc062723c751e8b465ee728b)  -> (artifact id: '34e37118a608d9bb857d3068bdf3b637') in 0.413635 seconds 
  Import took 0.472978 seconds .

========================================================================
Received Import Request.
  Time since last request: 39.755550 seconds.
  path: Assets/Prefab/map2.prefab
  artifactKey: Guid(0f58493e7dbe62a4c9f801910cf1a393) Importer(815301076,1909f56bfc062723c751e8b465ee728b)
Start importing Assets/Prefab/map2.prefab using Guid(0f58493e7dbe62a4c9f801910cf1a393) Importer(815301076,1909f56bfc062723c751e8b465ee728b)  -> (artifact id: '4c6de2f7a1c4332226142a8ebbe57df6') in 0.338047 seconds 
  Import took 0.391896 seconds .

========================================================================
Received Import Request.
  Time since last request: 8.325812 seconds.
  path: Assets/Prefab/map2.prefab
  artifactKey: Guid(0f58493e7dbe62a4c9f801910cf1a393) Importer(815301076,1909f56bfc062723c751e8b465ee728b)
Start importing Assets/Prefab/map2.prefab using Guid(0f58493e7dbe62a4c9f801910cf1a393) Importer(815301076,1909f56bfc062723c751e8b465ee728b)  -> (artifact id: '0f177bce3e3fa0efa9effc299711acab') in 0.350826 seconds 
  Import took 0.411237 seconds .

========================================================================
Received Prepare
Registering precompiled user dll's ...
Registered in 0.025498 seconds.
Begin MonoManager ReloadAssembly
Native extension for WindowsStandalone target not found
Native extension for WebGL target not found
Refreshing native plugins compatible for Editor in 1.96 ms, found 2 plugins.
Preloading 0 native plugins for Editor in 0.00 ms.
Mono: successfully reloaded assembly
- Completed reload, in  1.030 seconds
Platform modules already initialized, skipping
Refreshing native plugins compatible for Editor in 1.51 ms, found 2 plugins.
Preloading 0 native plugins for Editor in 0.00 ms.
Unloading 1460 Unused Serialized files (Serialized files now loaded: 0)
System memory in use before: 104.0 MB.
System memory in use after: 104.1 MB.

Unloading 14 unused Assets to reduce memory usage. Loaded Objects now: 1961.
Total: 1.901100 ms (FindLiveObjects: 0.140300 ms CreateObjectMapping: 0.043600 ms MarkObjects: 1.663100 ms  DeleteObjects: 0.053300 ms)

AssetImportParameters requested are different than current active one (requested -> active):
  custom:framework-win-MediaFoundation: 216162199b28c13a410421893ffa2e32 -> 
  custom:video-decoder-ogg-theora: a1e56fd34408186e4bbccfd4996cb3dc -> 
  custom:container-muxer-webm: aa71ff27fc2769a1b78a27578f13a17b -> 
  custom:container-demuxer-webm: 4f35f7cbe854078d1ac9338744f61a02 -> 
  custom:container-demuxer-ogg: 62fdf1f143b41e24485cea50d1cbac27 -> 
  custom:video-encoder-webm-vp8: eb34c28f22e8b96e1ab97ce403110664 -> 
  custom:video-decoder-webm-vp8: 9c59270c3fd7afecdb556c50c9e8de78 -> 
  custom:audio-decoder-ogg-vorbis: bf7c407c2cedff20999df2af8eb42d56 -> 
  custom:audio-encoder-webm-vorbis: bf7c407c2cedff20999df2af8eb42d56 -> 
========================================================================
Received Prepare
Registering precompiled user dll's ...
Registered in 0.003954 seconds.
Begin MonoManager ReloadAssembly
Native extension for WindowsStandalone target not found
Native extension for WebGL target not found
Refreshing native plugins compatible for Editor in 1.51 ms, found 2 plugins.
Preloading 0 native plugins for Editor in 0.00 ms.
Mono: successfully reloaded assembly
- Completed reload, in  1.037 seconds
Platform modules already initialized, skipping
Refreshing native plugins compatible for Editor in 1.51 ms, found 2 plugins.
Preloading 0 native plugins for Editor in 0.00 ms.
Unloading 1460 Unused Serialized files (Serialized files now loaded: 0)
System memory in use before: 104.0 MB.
System memory in use after: 104.1 MB.

Unloading 13 unused Assets to reduce memory usage. Loaded Objects now: 1964.
Total: 2.085700 ms (FindLiveObjects: 0.147500 ms CreateObjectMapping: 0.052800 ms MarkObjects: 1.867900 ms  DeleteObjects: 0.016400 ms)

AssetImportParameters requested are different than current active one (requested -> active):
  custom:framework-win-MediaFoundation: 216162199b28c13a410421893ffa2e32 -> 
  custom:video-decoder-ogg-theora: a1e56fd34408186e4bbccfd4996cb3dc -> 
  custom:container-muxer-webm: aa71ff27fc2769a1b78a27578f13a17b -> 
  custom:container-demuxer-webm: 4f35f7cbe854078d1ac9338744f61a02 -> 
  custom:container-demuxer-ogg: 62fdf1f143b41e24485cea50d1cbac27 -> 
  custom:video-encoder-webm-vp8: eb34c28f22e8b96e1ab97ce403110664 -> 
  custom:video-decoder-webm-vp8: 9c59270c3fd7afecdb556c50c9e8de78 -> 
  custom:audio-decoder-ogg-vorbis: bf7c407c2cedff20999df2af8eb42d56 -> 
  custom:audio-encoder-webm-vorbis: bf7c407c2cedff20999df2af8eb42d56 -> 
========================================================================
Received Prepare
Registering precompiled user dll's ...
Registered in 0.004339 seconds.
Begin MonoManager ReloadAssembly
Native extension for WindowsStandalone target not found
Native extension for WebGL target not found
Refreshing native plugins compatible for Editor in 1.46 ms, found 2 plugins.
Preloading 0 native plugins for Editor in 0.00 ms.
Mono: successfully reloaded assembly
- Completed reload, in  0.963 seconds
Platform modules already initialized, skipping
Refreshing native plugins compatible for Editor in 16.54 ms, found 2 plugins.
Preloading 0 native plugins for Editor in 0.00 ms.
Unloading 1460 Unused Serialized files (Serialized files now loaded: 0)
System memory in use before: 104.0 MB.
System memory in use after: 104.1 MB.

Unloading 13 unused Assets to reduce memory usage. Loaded Objects now: 1967.
Total: 1.922000 ms (FindLiveObjects: 0.215500 ms CreateObjectMapping: 0.116800 ms MarkObjects: 1.569400 ms  DeleteObjects: 0.019300 ms)

AssetImportParameters requested are different than current active one (requested -> active):
  custom:framework-win-MediaFoundation: 216162199b28c13a410421893ffa2e32 -> 
  custom:video-decoder-ogg-theora: a1e56fd34408186e4bbccfd4996cb3dc -> 
  custom:container-muxer-webm: aa71ff27fc2769a1b78a27578f13a17b -> 
  custom:container-demuxer-webm: 4f35f7cbe854078d1ac9338744f61a02 -> 
  custom:container-demuxer-ogg: 62fdf1f143b41e24485cea50d1cbac27 -> 
  custom:video-encoder-webm-vp8: eb34c28f22e8b96e1ab97ce403110664 -> 
  custom:video-decoder-webm-vp8: 9c59270c3fd7afecdb556c50c9e8de78 -> 
  custom:audio-decoder-ogg-vorbis: bf7c407c2cedff20999df2af8eb42d56 -> 
  custom:audio-encoder-webm-vorbis: bf7c407c2cedff20999df2af8eb42d56 -> 
========================================================================
Received Prepare
Registering precompiled user dll's ...
Registered in 0.004013 seconds.
Begin MonoManager ReloadAssembly
Native extension for WindowsStandalone target not found
Native extension for WebGL target not found
Refreshing native plugins compatible for Editor in 3.25 ms, found 2 plugins.
Preloading 0 native plugins for Editor in 0.00 ms.
Mono: successfully reloaded assembly
- Completed reload, in  0.965 seconds
Platform modules already initialized, skipping
Refreshing native plugins compatible for Editor in 1.59 ms, found 2 plugins.
Preloading 0 native plugins for Editor in 0.00 ms.
Unloading 1460 Unused Serialized files (Serialized files now loaded: 0)
System memory in use before: 104.0 MB.
System memory in use after: 104.1 MB.

Unloading 13 unused Assets to reduce memory usage. Loaded Objects now: 1970.
Total: 1.759400 ms (FindLiveObjects: 0.142900 ms CreateObjectMapping: 0.044400 ms MarkObjects: 1.542600 ms  DeleteObjects: 0.028800 ms)

AssetImportParameters requested are different than current active one (requested -> active):
  custom:framework-win-MediaFoundation: 216162199b28c13a410421893ffa2e32 -> 
  custom:video-decoder-ogg-theora: a1e56fd34408186e4bbccfd4996cb3dc -> 
  custom:container-muxer-webm: aa71ff27fc2769a1b78a27578f13a17b -> 
  custom:container-demuxer-webm: 4f35f7cbe854078d1ac9338744f61a02 -> 
  custom:container-demuxer-ogg: 62fdf1f143b41e24485cea50d1cbac27 -> 
  custom:video-encoder-webm-vp8: eb34c28f22e8b96e1ab97ce403110664 -> 
  custom:video-decoder-webm-vp8: 9c59270c3fd7afecdb556c50c9e8de78 -> 
  custom:audio-decoder-ogg-vorbis: bf7c407c2cedff20999df2af8eb42d56 -> 
  custom:audio-encoder-webm-vorbis: bf7c407c2cedff20999df2af8eb42d56 -> 
========================================================================
Received Import Request.
  Time since last request: 5110.660395 seconds.
  path: Assets/assets/Assets/Village Assets-20210730T120648Z-001/Village Assets/Village/Prefabs/Props/NewLayer 1.terrainlayer
  artifactKey: Guid(98d71bac5cc195548a4fa165ba72ae3a) Importer(815301076,1909f56bfc062723c751e8b465ee728b)
Start importing Assets/assets/Assets/Village Assets-20210730T120648Z-001/Village Assets/Village/Prefabs/Props/NewLayer 1.terrainlayer using Guid(98d71bac5cc195548a4fa165ba72ae3a) Importer(815301076,1909f56bfc062723c751e8b465ee728b)  -> (artifact id: 'e6e4308928142bfe76bb5f87f103e8cf') in 0.407867 seconds 
  Import took 0.437239 seconds .

========================================================================
Received Prepare
Registering precompiled user dll's ...
Registered in 0.003964 seconds.
Begin MonoManager ReloadAssembly
Native extension for WindowsStandalone target not found
Native extension for WebGL target not found
Refreshing native plugins compatible for Editor in 1.50 ms, found 2 plugins.
Preloading 0 native plugins for Editor in 0.00 ms.
Mono: successfully reloaded assembly
- Completed reload, in  1.092 seconds
Platform modules already initialized, skipping
Refreshing native plugins compatible for Editor in 1.73 ms, found 2 plugins.
Preloading 0 native plugins for Editor in 0.00 ms.
Unloading 1460 Unused Serialized files (Serialized files now loaded: 0)
System memory in use before: 104.1 MB.
System memory in use after: 104.2 MB.

Unloading 13 unused Assets to reduce memory usage. Loaded Objects now: 1977.
Total: 2.627300 ms (FindLiveObjects: 0.159200 ms CreateObjectMapping: 0.052700 ms MarkObjects: 2.346100 ms  DeleteObjects: 0.068100 ms)

AssetImportParameters requested are different than current active one (requested -> active):
  custom:framework-win-MediaFoundation: 216162199b28c13a410421893ffa2e32 -> 
  custom:video-decoder-ogg-theora: a1e56fd34408186e4bbccfd4996cb3dc -> 
  custom:container-muxer-webm: aa71ff27fc2769a1b78a27578f13a17b -> 
  custom:container-demuxer-webm: 4f35f7cbe854078d1ac9338744f61a02 -> 
  custom:container-demuxer-ogg: 62fdf1f143b41e24485cea50d1cbac27 -> 
  custom:video-encoder-webm-vp8: eb34c28f22e8b96e1ab97ce403110664 -> 
  custom:video-decoder-webm-vp8: 9c59270c3fd7afecdb556c50c9e8de78 -> 
  custom:audio-decoder-ogg-vorbis: bf7c407c2cedff20999df2af8eb42d56 -> 
  custom:audio-encoder-webm-vorbis: bf7c407c2cedff20999df2af8eb42d56 -> 
AssetImportWorkerClient::OnTransportError - code=2 error=End of file
